<?xml version="1.0" encoding="UTF-8"?>
<!-- Generated by org.testng.reporters.JUnitReportReporter -->
<testsuite skipped="0" hostname="DESKTOP-N60QB27" name="tests.LaunchTest3" tests="1" failures="0" timestamp="2022-12-29T15:25:01 IST" time="20.636" errors="0">
  <testcase name="browserTest" time="20.636" classname="tests.LaunchTest3"/>
</testsuite> <!-- tests.LaunchTest3 -->
