<?xml version="1.0" encoding="UTF-8"?>
<!-- Generated by org.testng.reporters.JUnitReportReporter -->
<testsuite skipped="0" hostname="DESKTOP-N60QB27" name="tests.LaunchTest" tests="1" failures="0" timestamp="2022-12-29T15:17:30 IST" time="49.674" errors="0">
  <testcase name="browserTest" time="49.674" classname="tests.LaunchTest"/>
</testsuite> <!-- tests.LaunchTest -->
