<?xml version="1.0" encoding="UTF-8"?>
<!-- Generated by org.testng.reporters.JUnitReportReporter -->
<testsuite skipped="0" hostname="DESKTOP-N60QB27" name="tests.LaunchTest2" tests="1" failures="0" timestamp="2022-12-29T15:21:29 IST" time="25.473" errors="0">
  <testcase name="browserTest" time="25.473" classname="tests.LaunchTest2"/>
</testsuite> <!-- tests.LaunchTest2 -->
